<?xml version="1.0" encoding="UTF-8"?>
<!-- Generated by org.testng.reporters.JUnitReportReporter -->
<testsuite hostname="DESKTOP-UQP1L3K" name="ua.bytes.AppTest" tests="1" failures="0" timestamp="6 Feb 2019 18:55:13 GMT" time="0.156" errors="0">
  <testcase name="shouldAnswerWithTrue" time="0.156" classname="ua.bytes.AppTest"/>
</testsuite> <!-- ua.bytes.AppTest -->
